<?xml version="1.0" encoding="UTF-8"?>
<testng-results skipped="0" failed="0" total="1" passed="1">
  <reporter-output>
  </reporter-output>
  <suite name="Default suite" duration-ms="99255" started-at="2017-12-14T11:27:15Z" finished-at="2017-12-14T11:28:54Z">
    <groups>
    </groups>
    <test name="Default test" duration-ms="99255" started-at="2017-12-14T11:27:15Z" finished-at="2017-12-14T11:28:54Z">
      <class name="com.rivigo.assignment.RivigoAssignment.TestSuite">
        <test-method status="PASS" signature="openBrowser()[pri:0, instance:com.rivigo.assignment.RivigoAssignment.TestSuite@456c6746]" name="openBrowser" is-config="true" duration-ms="4338" started-at="2017-12-14T16:57:15Z" finished-at="2017-12-14T16:57:19Z">
          <reporter-output>
          </reporter-output>
        </test-method> <!-- openBrowser -->
        <test-method status="PASS" signature="TC_001_PerformShopping()[pri:0, instance:com.rivigo.assignment.RivigoAssignment.TestSuite@456c6746]" name="TC_001_PerformShopping" duration-ms="94853" started-at="2017-12-14T16:57:19Z" finished-at="2017-12-14T16:58:54Z">
          <reporter-output>
          </reporter-output>
        </test-method> <!-- TC_001_PerformShopping -->
      </class> <!-- com.rivigo.assignment.RivigoAssignment.TestSuite -->
    </test> <!-- Default test -->
  </suite> <!-- Default suite -->
</testng-results>
